TN:
SF:C:\Users\Mayorkoon\Desktop\Meal Booking app\Server/index.js
FN:16,(anonymous_1)
FN:25,(anonymous_2)
FNF:2
FNH:1
FNDA:0,(anonymous_1)
FNDA:1,(anonymous_2)
DA:1,1
DA:2,1
DA:5,1
DA:6,1
DA:7,1
DA:10,1
DA:12,1
DA:14,1
DA:16,1
DA:17,0
DA:21,1
DA:22,1
DA:23,1
DA:25,1
DA:26,1
DA:30,1
LF:16
LH:15
BRDA:12,0,0,1
BRDA:12,0,1,1
BRF:2
BRH:2
end_of_record
TN:
SF:C:\Users\Mayorkoon\Desktop\Meal Booking app\Server\controller/meal.controller.js
FN:3,fetchAllMeals
FNF:1
FNH:1
FNDA:5,fetchAllMeals
DA:1,1
DA:3,1
DA:5,1
DA:6,1
DA:13,1
DA:14,1
DA:15,1
DA:22,1
DA:23,1
DA:24,1
DA:30,1
DA:31,1
DA:32,1
DA:38,1
DA:39,1
DA:40,1
DA:47,1
LF:17
LH:17
BRF:0
BRH:0
end_of_record
TN:
SF:C:\Users\Mayorkoon\Desktop\Meal Booking app\Server\controller/menu.controller.js
FN:3,getMenu
FNF:1
FNH:1
FNDA:2,getMenu
DA:1,1
DA:3,1
DA:5,1
DA:6,1
DA:26,1
DA:27,1
DA:28,1
DA:35,1
LF:8
LH:8
BRF:0
BRH:0
end_of_record
TN:
SF:C:\Users\Mayorkoon\Desktop\Meal Booking app\Server\controller/order.controller.js
FN:3,getAllOrders
FNF:1
FNH:1
FNDA:3,getAllOrders
DA:1,1
DA:3,1
DA:5,1
DA:6,1
DA:12,1
DA:13,1
DA:14,1
DA:20,1
DA:21,1
DA:22,1
DA:29,1
LF:11
LH:11
BRF:0
BRH:0
end_of_record
TN:
SF:C:\Users\Mayorkoon\Desktop\Meal Booking app\Server\models/meal.model.js
FN:2,Meal
FNF:1
FNH:1
FNDA:4,Meal
DA:2,4
DA:3,4
DA:4,4
DA:5,4
DA:6,4
DA:11,1
LF:6
LH:6
BRF:0
BRH:0
end_of_record
TN:
SF:C:\Users\Mayorkoon\Desktop\Meal Booking app\Server\models/order.model.js
FN:2,Orders
FNF:1
FNH:1
FNDA:5,Orders
DA:2,5
DA:3,5
DA:4,5
DA:5,5
DA:6,5
DA:7,5
DA:8,5
DA:13,1
LF:8
LH:8
BRF:0
BRH:0
end_of_record
TN:
SF:C:\Users\Mayorkoon\Desktop\Meal Booking app\Server\routes/meal.routes.js
FNF:0
FNH:0
DA:1,1
DA:4,1
DA:6,1
DA:8,1
DA:9,1
DA:10,1
DA:11,1
DA:12,1
DA:15,1
LF:9
LH:9
BRF:0
BRH:0
end_of_record
TN:
SF:C:\Users\Mayorkoon\Desktop\Meal Booking app\Server\routes/menu.route.js
FNF:0
FNH:0
DA:1,1
DA:3,1
DA:5,1
DA:7,1
DA:8,1
DA:10,1
LF:6
LH:6
BRF:0
BRH:0
end_of_record
TN:
SF:C:\Users\Mayorkoon\Desktop\Meal Booking app\Server\routes/order.routes.js
FNF:0
FNH:0
DA:1,1
DA:3,1
DA:5,1
DA:7,1
DA:8,1
DA:9,1
DA:11,1
LF:7
LH:7
BRF:0
BRH:0
end_of_record
TN:
SF:C:\Users\Mayorkoon\Desktop\Meal Booking app\Server\services/meal.service.js
FN:4,fetchAllMeals
FN:6,(anonymous_2)
FN:25,(anonymous_5)
FN:29,(anonymous_7)
FN:33,(anonymous_9)
FNF:5
FNH:5
FNDA:5,fetchAllMeals
FNDA:4,(anonymous_2)
FNDA:2,(anonymous_5)
FNDA:5,(anonymous_7)
FNDA:1,(anonymous_9)
DA:1,1
DA:2,1
DA:4,1
DA:6,1
DA:7,4
DA:8,4
DA:9,4
DA:10,4
DA:11,4
DA:12,4
DA:14,1
DA:17,1
DA:18,1
DA:19,1
DA:20,1
DA:21,1
DA:22,1
DA:25,2
DA:26,1
DA:29,5
DA:32,1
DA:33,1
DA:34,1
DA:35,1
DA:36,1
DA:37,1
DA:38,1
DA:42,1
LF:28
LH:28
BRDA:26,0,0,1
BRDA:26,0,1,0
BRF:2
BRH:1
end_of_record
TN:
SF:C:\Users\Mayorkoon\Desktop\Meal Booking app\Server\services/menu.service.js
FN:3,addMenu
FNF:1
FNH:1
FNDA:2,addMenu
DA:1,1
DA:3,1
DA:5,1
DA:6,1
DA:7,1
DA:11,1
DA:16,1
LF:7
LH:7
BRF:0
BRH:0
end_of_record
TN:
SF:C:\Users\Mayorkoon\Desktop\Meal Booking app\Server\services/order.service.js
FN:5,getAllOrders
FN:7,(anonymous_2)
FN:29,(anonymous_5)
FNF:3
FNH:3
FNDA:3,getAllOrders
FNDA:5,(anonymous_2)
FNDA:1,(anonymous_5)
DA:1,1
DA:3,1
DA:5,1
DA:7,1
DA:8,5
DA:9,5
DA:10,5
DA:11,5
DA:12,5
DA:13,5
DA:14,5
DA:15,5
DA:17,1
DA:20,1
DA:21,1
DA:22,1
DA:23,1
DA:24,1
DA:25,1
DA:28,1
DA:29,1
DA:30,1
DA:31,1
DA:32,1
DA:33,1
DA:34,1
DA:35,1
DA:36,1
DA:37,1
DA:41,1
LF:30
LH:30
BRF:0
BRH:0
end_of_record
TN:
SF:C:\Users\Mayorkoon\Desktop\Meal Booking app\Server\utilities/dummyData.js
FNF:0
FNH:0
DA:1,1
LF:1
LH:1
BRF:0
BRH:0
end_of_record
TN:
SF:C:\Users\Mayorkoon\Desktop\Meal Booking app\Server\utilities/dummyMenu.js
FNF:0
FNH:0
DA:1,1
LF:1
LH:1
BRF:0
BRH:0
end_of_record
TN:
SF:C:\Users\Mayorkoon\Desktop\Meal Booking app\Server\utilities/dummyOrder.js
FNF:0
FNH:0
DA:1,1
LF:1
LH:1
BRF:0
BRH:0
end_of_record
